Using Device:	 cuda
/scratch_net/biwidl311/peerli/conda_envs/liotorch/lib/python3.11/site-packages/torch/cuda/__init__.py:152: UserWarning: 
    Found GPU0 Tesla K40c which is of cuda capability 3.5.
    PyTorch no longer supports this GPU because it is too old.
    The minimum cuda capability supported by this library is 3.7.
    
  warnings.warn(old_gpu_warn % (d, name, major, minor, min_arch // 10, min_arch % 10))
Traceback (most recent call last):
  File "/home/peerli/Documents/pytorch_helloworld/train.py", line 22, in <module>
    pred = model(x)
           ^^^^^^^^
  File "/scratch_net/biwidl311/peerli/conda_envs/liotorch/lib/python3.11/site-packages/torch/nn/modules/module.py", line 1501, in _call_impl
    return forward_call(*args, **kwargs)
           ^^^^^^^^^^^^^^^^^^^^^^^^^^^^^
  File "/home/peerli/Documents/pytorch_helloworld/model.py", line 18, in forward
    x = self.conv(x)
        ^^^^^^^^^^^^
  File "/scratch_net/biwidl311/peerli/conda_envs/liotorch/lib/python3.11/site-packages/torch/nn/modules/module.py", line 1501, in _call_impl
    return forward_call(*args, **kwargs)
           ^^^^^^^^^^^^^^^^^^^^^^^^^^^^^
  File "/scratch_net/biwidl311/peerli/conda_envs/liotorch/lib/python3.11/site-packages/torch/nn/modules/container.py", line 217, in forward
    input = module(input)
            ^^^^^^^^^^^^^
  File "/scratch_net/biwidl311/peerli/conda_envs/liotorch/lib/python3.11/site-packages/torch/nn/modules/module.py", line 1501, in _call_impl
    return forward_call(*args, **kwargs)
           ^^^^^^^^^^^^^^^^^^^^^^^^^^^^^
  File "/scratch_net/biwidl311/peerli/conda_envs/liotorch/lib/python3.11/site-packages/torch/nn/modules/conv.py", line 463, in forward
    return self._conv_forward(input, self.weight, self.bias)
           ^^^^^^^^^^^^^^^^^^^^^^^^^^^^^^^^^^^^^^^^^^^^^^^^^
  File "/scratch_net/biwidl311/peerli/conda_envs/liotorch/lib/python3.11/site-packages/torch/nn/modules/conv.py", line 459, in _conv_forward
    return F.conv2d(input, weight, bias, self.stride,
           ^^^^^^^^^^^^^^^^^^^^^^^^^^^^^^^^^^^^^^^^^^
RuntimeError: CUDA error: no kernel image is available for execution on the device
CUDA kernel errors might be asynchronously reported at some other API call, so the stacktrace below might be incorrect.
For debugging consider passing CUDA_LAUNCH_BLOCKING=1.
Compile with `TORCH_USE_CUDA_DSA` to enable device-side assertions.

